Copyright 1986-2016 Xilinx, Inc. All Rights Reserved.
-------------------------------------------------------------------------------------------------------------
| Tool Version : Vivado v.2016.4 (win64) Build 1756540 Mon Jan 23 19:11:23 MST 2017
| Date         : Thu Dec 01 17:05:12 2022
| Host         : DESKTOP-R032L4F running 64-bit major release  (build 9200)
| Command      : report_methodology -file top_methodology_drc_routed.rpt -rpx top_methodology_drc_routed.rpx
| Design       : top
| Device       : xc7a100tcsg324-1
| Speed File   : -1
| Design State : Routed
-------------------------------------------------------------------------------------------------------------

Report Methodology

Table of Contents
-----------------
1. REPORT SUMMARY
2. REPORT DETAILS

1. REPORT SUMMARY
-----------------
            Netlist: netlist
          Floorplan: design_1
      Design limits: <entire design considered>
             Max violations: <unlimited>
             Violations found: 134
+-----------+----------+--------------------------------------------------------+------------+
| Rule      | Severity | Description                                            | Violations |
+-----------+----------+--------------------------------------------------------+------------+
| TIMING-17 | Warning  | Non-clocked sequential cell                            | 102        |
| TIMING-18 | Warning  | Missing input or output delay                          | 31         |
| XDCC-1    | Warning  | Scoped Clock constraint overwritten with the same name | 1          |
+-----------+----------+--------------------------------------------------------+------------+

2. REPORT DETAILS
-----------------
TIMING-17#1 Warning
Non-clocked sequential cell  
The clock pin game_instance/ball_update_time_reg[1]/C is not reached by a timing clock
Related violations: <none>

TIMING-17#2 Warning
Non-clocked sequential cell  
The clock pin game_instance/ball_update_time_reg[2]/C is not reached by a timing clock
Related violations: <none>

TIMING-17#3 Warning
Non-clocked sequential cell  
The clock pin game_instance/ball_update_time_reg[3]/C is not reached by a timing clock
Related violations: <none>

TIMING-17#4 Warning
Non-clocked sequential cell  
The clock pin game_instance/ball_update_time_reg[4]/C is not reached by a timing clock
Related violations: <none>

TIMING-17#5 Warning
Non-clocked sequential cell  
The clock pin game_instance/ball_x_pos_reg[0]/C is not reached by a timing clock
Related violations: <none>

TIMING-17#6 Warning
Non-clocked sequential cell  
The clock pin game_instance/ball_x_pos_reg[1]/C is not reached by a timing clock
Related violations: <none>

TIMING-17#7 Warning
Non-clocked sequential cell  
The clock pin game_instance/ball_x_pos_reg[2]/C is not reached by a timing clock
Related violations: <none>

TIMING-17#8 Warning
Non-clocked sequential cell  
The clock pin game_instance/ball_x_pos_reg[3]/C is not reached by a timing clock
Related violations: <none>

TIMING-17#9 Warning
Non-clocked sequential cell  
The clock pin game_instance/ball_x_pos_reg[4]/C is not reached by a timing clock
Related violations: <none>

TIMING-17#10 Warning
Non-clocked sequential cell  
The clock pin game_instance/ball_x_pos_reg[5]/C is not reached by a timing clock
Related violations: <none>

TIMING-17#11 Warning
Non-clocked sequential cell  
The clock pin game_instance/ball_x_pos_reg[6]/C is not reached by a timing clock
Related violations: <none>

TIMING-17#12 Warning
Non-clocked sequential cell  
The clock pin game_instance/ball_x_pos_reg[7]/C is not reached by a timing clock
Related violations: <none>

TIMING-17#13 Warning
Non-clocked sequential cell  
The clock pin game_instance/ball_x_pos_reg[8]/C is not reached by a timing clock
Related violations: <none>

TIMING-17#14 Warning
Non-clocked sequential cell  
The clock pin game_instance/ball_x_pos_reg[9]/C is not reached by a timing clock
Related violations: <none>

TIMING-17#15 Warning
Non-clocked sequential cell  
The clock pin game_instance/ball_y_pos_reg[0]/C is not reached by a timing clock
Related violations: <none>

TIMING-17#16 Warning
Non-clocked sequential cell  
The clock pin game_instance/ball_y_pos_reg[1]/C is not reached by a timing clock
Related violations: <none>

TIMING-17#17 Warning
Non-clocked sequential cell  
The clock pin game_instance/ball_y_pos_reg[2]/C is not reached by a timing clock
Related violations: <none>

TIMING-17#18 Warning
Non-clocked sequential cell  
The clock pin game_instance/ball_y_pos_reg[3]/C is not reached by a timing clock
Related violations: <none>

TIMING-17#19 Warning
Non-clocked sequential cell  
The clock pin game_instance/ball_y_pos_reg[4]/C is not reached by a timing clock
Related violations: <none>

TIMING-17#20 Warning
Non-clocked sequential cell  
The clock pin game_instance/ball_y_pos_reg[5]/C is not reached by a timing clock
Related violations: <none>

TIMING-17#21 Warning
Non-clocked sequential cell  
The clock pin game_instance/ball_y_pos_reg[6]/C is not reached by a timing clock
Related violations: <none>

TIMING-17#22 Warning
Non-clocked sequential cell  
The clock pin game_instance/ball_y_pos_reg[7]/C is not reached by a timing clock
Related violations: <none>

TIMING-17#23 Warning
Non-clocked sequential cell  
The clock pin game_instance/ball_y_pos_reg[8]/C is not reached by a timing clock
Related violations: <none>

TIMING-17#24 Warning
Non-clocked sequential cell  
The clock pin game_instance/ball_y_pos_reg[9]/C is not reached by a timing clock
Related violations: <none>

TIMING-17#25 Warning
Non-clocked sequential cell  
The clock pin game_instance/lose_flag_reg/C is not reached by a timing clock
Related violations: <none>

TIMING-17#26 Warning
Non-clocked sequential cell  
The clock pin game_instance/negative_x_reg/C is not reached by a timing clock
Related violations: <none>

TIMING-17#27 Warning
Non-clocked sequential cell  
The clock pin game_instance/negative_y_reg/C is not reached by a timing clock
Related violations: <none>

TIMING-17#28 Warning
Non-clocked sequential cell  
The clock pin game_instance/paddle_x_pos_reg[0]/C is not reached by a timing clock
Related violations: <none>

TIMING-17#29 Warning
Non-clocked sequential cell  
The clock pin game_instance/paddle_x_pos_reg[1]/C is not reached by a timing clock
Related violations: <none>

TIMING-17#30 Warning
Non-clocked sequential cell  
The clock pin game_instance/paddle_x_pos_reg[2]/C is not reached by a timing clock
Related violations: <none>

TIMING-17#31 Warning
Non-clocked sequential cell  
The clock pin game_instance/paddle_x_pos_reg[3]/C is not reached by a timing clock
Related violations: <none>

TIMING-17#32 Warning
Non-clocked sequential cell  
The clock pin game_instance/paddle_x_pos_reg[4]/C is not reached by a timing clock
Related violations: <none>

TIMING-17#33 Warning
Non-clocked sequential cell  
The clock pin game_instance/paddle_x_pos_reg[5]/C is not reached by a timing clock
Related violations: <none>

TIMING-17#34 Warning
Non-clocked sequential cell  
The clock pin game_instance/paddle_x_pos_reg[6]/C is not reached by a timing clock
Related violations: <none>

TIMING-17#35 Warning
Non-clocked sequential cell  
The clock pin game_instance/paddle_x_pos_reg[7]/C is not reached by a timing clock
Related violations: <none>

TIMING-17#36 Warning
Non-clocked sequential cell  
The clock pin game_instance/paddle_x_pos_reg[8]/C is not reached by a timing clock
Related violations: <none>

TIMING-17#37 Warning
Non-clocked sequential cell  
The clock pin game_instance/reset_color_out_reg[0]/C is not reached by a timing clock
Related violations: <none>

TIMING-17#38 Warning
Non-clocked sequential cell  
The clock pin game_instance/reset_color_out_reg[10]/C is not reached by a timing clock
Related violations: <none>

TIMING-17#39 Warning
Non-clocked sequential cell  
The clock pin game_instance/reset_color_out_reg[11]/C is not reached by a timing clock
Related violations: <none>

TIMING-17#40 Warning
Non-clocked sequential cell  
The clock pin game_instance/reset_color_out_reg[1]/C is not reached by a timing clock
Related violations: <none>

TIMING-17#41 Warning
Non-clocked sequential cell  
The clock pin game_instance/reset_color_out_reg[2]/C is not reached by a timing clock
Related violations: <none>

TIMING-17#42 Warning
Non-clocked sequential cell  
The clock pin game_instance/reset_color_out_reg[3]/C is not reached by a timing clock
Related violations: <none>

TIMING-17#43 Warning
Non-clocked sequential cell  
The clock pin game_instance/reset_color_out_reg[4]/C is not reached by a timing clock
Related violations: <none>

TIMING-17#44 Warning
Non-clocked sequential cell  
The clock pin game_instance/reset_color_out_reg[5]/C is not reached by a timing clock
Related violations: <none>

TIMING-17#45 Warning
Non-clocked sequential cell  
The clock pin game_instance/reset_color_out_reg[6]/C is not reached by a timing clock
Related violations: <none>

TIMING-17#46 Warning
Non-clocked sequential cell  
The clock pin game_instance/reset_color_out_reg[7]/C is not reached by a timing clock
Related violations: <none>

TIMING-17#47 Warning
Non-clocked sequential cell  
The clock pin game_instance/reset_color_out_reg[8]/C is not reached by a timing clock
Related violations: <none>

TIMING-17#48 Warning
Non-clocked sequential cell  
The clock pin game_instance/reset_color_out_reg[9]/C is not reached by a timing clock
Related violations: <none>

TIMING-17#49 Warning
Non-clocked sequential cell  
The clock pin game_instance/score_reg[0]/C is not reached by a timing clock
Related violations: <none>

TIMING-17#50 Warning
Non-clocked sequential cell  
The clock pin game_instance/score_reg[1]/C is not reached by a timing clock
Related violations: <none>

TIMING-17#51 Warning
Non-clocked sequential cell  
The clock pin game_instance/score_reg[2]/C is not reached by a timing clock
Related violations: <none>

TIMING-17#52 Warning
Non-clocked sequential cell  
The clock pin game_instance/score_reg[3]/C is not reached by a timing clock
Related violations: <none>

TIMING-17#53 Warning
Non-clocked sequential cell  
The clock pin game_instance/score_reg[4]/C is not reached by a timing clock
Related violations: <none>

TIMING-17#54 Warning
Non-clocked sequential cell  
The clock pin game_instance/win_flag_reg/C is not reached by a timing clock
Related violations: <none>

TIMING-17#55 Warning
Non-clocked sequential cell  
The clock pin master/FSM_sequential_state_reg_reg[0]/C is not reached by a timing clock
Related violations: <none>

TIMING-17#56 Warning
Non-clocked sequential cell  
The clock pin master/FSM_sequential_state_reg_reg[1]/C is not reached by a timing clock
Related violations: <none>

TIMING-17#57 Warning
Non-clocked sequential cell  
The clock pin master/FSM_sequential_state_reg_reg[2]/C is not reached by a timing clock
Related violations: <none>

TIMING-17#58 Warning
Non-clocked sequential cell  
The clock pin master/FSM_sequential_state_reg_reg[3]/C is not reached by a timing clock
Related violations: <none>

TIMING-17#59 Warning
Non-clocked sequential cell  
The clock pin master/FSM_sequential_state_reg_reg[4]/C is not reached by a timing clock
Related violations: <none>

TIMING-17#60 Warning
Non-clocked sequential cell  
The clock pin master/FSM_sequential_state_reg_reg[5]/C is not reached by a timing clock
Related violations: <none>

TIMING-17#61 Warning
Non-clocked sequential cell  
The clock pin master/FSM_sequential_state_reg_reg[6]/C is not reached by a timing clock
Related violations: <none>

TIMING-17#62 Warning
Non-clocked sequential cell  
The clock pin master/Y_reg[11]/C is not reached by a timing clock
Related violations: <none>

TIMING-17#63 Warning
Non-clocked sequential cell  
The clock pin master/Y_reg[7]/C is not reached by a timing clock
Related violations: <none>

TIMING-17#64 Warning
Non-clocked sequential cell  
The clock pin master/clk_counter_reg/C is not reached by a timing clock
Related violations: <none>

TIMING-17#65 Warning
Non-clocked sequential cell  
The clock pin master/clk_reg_reg/C is not reached by a timing clock
Related violations: <none>

TIMING-17#66 Warning
Non-clocked sequential cell  
The clock pin master/counter_reg[0]/C is not reached by a timing clock
Related violations: <none>

TIMING-17#67 Warning
Non-clocked sequential cell  
The clock pin master/counter_reg[10]/C is not reached by a timing clock
Related violations: <none>

TIMING-17#68 Warning
Non-clocked sequential cell  
The clock pin master/counter_reg[11]/C is not reached by a timing clock
Related violations: <none>

TIMING-17#69 Warning
Non-clocked sequential cell  
The clock pin master/counter_reg[12]/C is not reached by a timing clock
Related violations: <none>

TIMING-17#70 Warning
Non-clocked sequential cell  
The clock pin master/counter_reg[13]/C is not reached by a timing clock
Related violations: <none>

TIMING-17#71 Warning
Non-clocked sequential cell  
The clock pin master/counter_reg[14]/C is not reached by a timing clock
Related violations: <none>

TIMING-17#72 Warning
Non-clocked sequential cell  
The clock pin master/counter_reg[15]/C is not reached by a timing clock
Related violations: <none>

TIMING-17#73 Warning
Non-clocked sequential cell  
The clock pin master/counter_reg[16]/C is not reached by a timing clock
Related violations: <none>

TIMING-17#74 Warning
Non-clocked sequential cell  
The clock pin master/counter_reg[17]/C is not reached by a timing clock
Related violations: <none>

TIMING-17#75 Warning
Non-clocked sequential cell  
The clock pin master/counter_reg[18]/C is not reached by a timing clock
Related violations: <none>

TIMING-17#76 Warning
Non-clocked sequential cell  
The clock pin master/counter_reg[19]/C is not reached by a timing clock
Related violations: <none>

TIMING-17#77 Warning
Non-clocked sequential cell  
The clock pin master/counter_reg[1]/C is not reached by a timing clock
Related violations: <none>

TIMING-17#78 Warning
Non-clocked sequential cell  
The clock pin master/counter_reg[20]/C is not reached by a timing clock
Related violations: <none>

TIMING-17#79 Warning
Non-clocked sequential cell  
The clock pin master/counter_reg[21]/C is not reached by a timing clock
Related violations: <none>

TIMING-17#80 Warning
Non-clocked sequential cell  
The clock pin master/counter_reg[22]/C is not reached by a timing clock
Related violations: <none>

TIMING-17#81 Warning
Non-clocked sequential cell  
The clock pin master/counter_reg[23]/C is not reached by a timing clock
Related violations: <none>

TIMING-17#82 Warning
Non-clocked sequential cell  
The clock pin master/counter_reg[24]/C is not reached by a timing clock
Related violations: <none>

TIMING-17#83 Warning
Non-clocked sequential cell  
The clock pin master/counter_reg[25]/C is not reached by a timing clock
Related violations: <none>

TIMING-17#84 Warning
Non-clocked sequential cell  
The clock pin master/counter_reg[26]/C is not reached by a timing clock
Related violations: <none>

TIMING-17#85 Warning
Non-clocked sequential cell  
The clock pin master/counter_reg[27]/C is not reached by a timing clock
Related violations: <none>

TIMING-17#86 Warning
Non-clocked sequential cell  
The clock pin master/counter_reg[28]/C is not reached by a timing clock
Related violations: <none>

TIMING-17#87 Warning
Non-clocked sequential cell  
The clock pin master/counter_reg[29]/C is not reached by a timing clock
Related violations: <none>

TIMING-17#88 Warning
Non-clocked sequential cell  
The clock pin master/counter_reg[2]/C is not reached by a timing clock
Related violations: <none>

TIMING-17#89 Warning
Non-clocked sequential cell  
The clock pin master/counter_reg[30]/C is not reached by a timing clock
Related violations: <none>

TIMING-17#90 Warning
Non-clocked sequential cell  
The clock pin master/counter_reg[31]/C is not reached by a timing clock
Related violations: <none>

TIMING-17#91 Warning
Non-clocked sequential cell  
The clock pin master/counter_reg[3]/C is not reached by a timing clock
Related violations: <none>

TIMING-17#92 Warning
Non-clocked sequential cell  
The clock pin master/counter_reg[4]/C is not reached by a timing clock
Related violations: <none>

TIMING-17#93 Warning
Non-clocked sequential cell  
The clock pin master/counter_reg[5]/C is not reached by a timing clock
Related violations: <none>

TIMING-17#94 Warning
Non-clocked sequential cell  
The clock pin master/counter_reg[6]/C is not reached by a timing clock
Related violations: <none>

TIMING-17#95 Warning
Non-clocked sequential cell  
The clock pin master/counter_reg[7]/C is not reached by a timing clock
Related violations: <none>

TIMING-17#96 Warning
Non-clocked sequential cell  
The clock pin master/counter_reg[8]/C is not reached by a timing clock
Related violations: <none>

TIMING-17#97 Warning
Non-clocked sequential cell  
The clock pin master/counter_reg[9]/C is not reached by a timing clock
Related violations: <none>

TIMING-17#98 Warning
Non-clocked sequential cell  
The clock pin master/cs_reg/C is not reached by a timing clock
Related violations: <none>

TIMING-17#99 Warning
Non-clocked sequential cell  
The clock pin master/mosi_reg/C is not reached by a timing clock
Related violations: <none>

TIMING-17#100 Warning
Non-clocked sequential cell  
The clock pin master/sclk_control_reg/C is not reached by a timing clock
Related violations: <none>

TIMING-17#101 Warning
Non-clocked sequential cell  
The clock pin master/temp_DATA_reg[5]/C is not reached by a timing clock
Related violations: <none>

TIMING-17#102 Warning
Non-clocked sequential cell  
The clock pin master/temp_DATA_reg[9]/C is not reached by a timing clock
Related violations: <none>

TIMING-18#1 Warning
Missing input or output delay  
An input delay is missing on reset_game relative to clock(s) VIRTUAL_clk_out2_clk_wiz_1 
Related violations: <none>

TIMING-18#2 Warning
Missing input or output delay  
An output delay is missing on B[0] relative to clock(s) VIRTUAL_clk_out2_clk_wiz_1 
Related violations: <none>

TIMING-18#3 Warning
Missing input or output delay  
An output delay is missing on B[1] relative to clock(s) VIRTUAL_clk_out2_clk_wiz_1 
Related violations: <none>

TIMING-18#4 Warning
Missing input or output delay  
An output delay is missing on B[2] relative to clock(s) VIRTUAL_clk_out2_clk_wiz_1 
Related violations: <none>

TIMING-18#5 Warning
Missing input or output delay  
An output delay is missing on B[3] relative to clock(s) VIRTUAL_clk_out2_clk_wiz_1 
Related violations: <none>

TIMING-18#6 Warning
Missing input or output delay  
An output delay is missing on G[0] relative to clock(s) VIRTUAL_clk_out2_clk_wiz_1 
Related violations: <none>

TIMING-18#7 Warning
Missing input or output delay  
An output delay is missing on G[1] relative to clock(s) VIRTUAL_clk_out2_clk_wiz_1 
Related violations: <none>

TIMING-18#8 Warning
Missing input or output delay  
An output delay is missing on G[2] relative to clock(s) VIRTUAL_clk_out2_clk_wiz_1 
Related violations: <none>

TIMING-18#9 Warning
Missing input or output delay  
An output delay is missing on G[3] relative to clock(s) VIRTUAL_clk_out2_clk_wiz_1 
Related violations: <none>

TIMING-18#10 Warning
Missing input or output delay  
An output delay is missing on R[0] relative to clock(s) VIRTUAL_clk_out2_clk_wiz_1 
Related violations: <none>

TIMING-18#11 Warning
Missing input or output delay  
An output delay is missing on R[1] relative to clock(s) VIRTUAL_clk_out2_clk_wiz_1 
Related violations: <none>

TIMING-18#12 Warning
Missing input or output delay  
An output delay is missing on R[2] relative to clock(s) VIRTUAL_clk_out2_clk_wiz_1 
Related violations: <none>

TIMING-18#13 Warning
Missing input or output delay  
An output delay is missing on R[3] relative to clock(s) VIRTUAL_clk_out2_clk_wiz_1 
Related violations: <none>

TIMING-18#14 Warning
Missing input or output delay  
An output delay is missing on anode[0] relative to clock(s) VIRTUAL_clk_out2_clk_wiz_1 
Related violations: <none>

TIMING-18#15 Warning
Missing input or output delay  
An output delay is missing on anode[1] relative to clock(s) VIRTUAL_clk_out2_clk_wiz_1 
Related violations: <none>

TIMING-18#16 Warning
Missing input or output delay  
An output delay is missing on anode[2] relative to clock(s) VIRTUAL_clk_out2_clk_wiz_1 
Related violations: <none>

TIMING-18#17 Warning
Missing input or output delay  
An output delay is missing on anode[3] relative to clock(s) VIRTUAL_clk_out2_clk_wiz_1 
Related violations: <none>

TIMING-18#18 Warning
Missing input or output delay  
An output delay is missing on anode[4] relative to clock(s) VIRTUAL_clk_out2_clk_wiz_1 
Related violations: <none>

TIMING-18#19 Warning
Missing input or output delay  
An output delay is missing on anode[5] relative to clock(s) VIRTUAL_clk_out2_clk_wiz_1 
Related violations: <none>

TIMING-18#20 Warning
Missing input or output delay  
An output delay is missing on anode[6] relative to clock(s) VIRTUAL_clk_out2_clk_wiz_1 
Related violations: <none>

TIMING-18#21 Warning
Missing input or output delay  
An output delay is missing on anode[7] relative to clock(s) VIRTUAL_clk_out2_clk_wiz_1 
Related violations: <none>

TIMING-18#22 Warning
Missing input or output delay  
An output delay is missing on cathode[0] relative to clock(s) VIRTUAL_clk_out2_clk_wiz_1 
Related violations: <none>

TIMING-18#23 Warning
Missing input or output delay  
An output delay is missing on cathode[1] relative to clock(s) VIRTUAL_clk_out2_clk_wiz_1 
Related violations: <none>

TIMING-18#24 Warning
Missing input or output delay  
An output delay is missing on cathode[2] relative to clock(s) VIRTUAL_clk_out2_clk_wiz_1 
Related violations: <none>

TIMING-18#25 Warning
Missing input or output delay  
An output delay is missing on cathode[3] relative to clock(s) VIRTUAL_clk_out2_clk_wiz_1 
Related violations: <none>

TIMING-18#26 Warning
Missing input or output delay  
An output delay is missing on cathode[4] relative to clock(s) VIRTUAL_clk_out2_clk_wiz_1 
Related violations: <none>

TIMING-18#27 Warning
Missing input or output delay  
An output delay is missing on cathode[5] relative to clock(s) VIRTUAL_clk_out2_clk_wiz_1 
Related violations: <none>

TIMING-18#28 Warning
Missing input or output delay  
An output delay is missing on cathode[6] relative to clock(s) VIRTUAL_clk_out2_clk_wiz_1 
Related violations: <none>

TIMING-18#29 Warning
Missing input or output delay  
An output delay is missing on cathode[7] relative to clock(s) VIRTUAL_clk_out2_clk_wiz_1 
Related violations: <none>

TIMING-18#30 Warning
Missing input or output delay  
An output delay is missing on hsync relative to clock(s) VIRTUAL_clk_out2_clk_wiz_1 
Related violations: <none>

TIMING-18#31 Warning
Missing input or output delay  
An output delay is missing on vsync relative to clock(s) VIRTUAL_clk_out2_clk_wiz_1 
Related violations: <none>

XDCC-1#1 Warning
Scoped Clock constraint overwritten with the same name  
A new clock constraint create_clock overrides a previous scoped clock constraint with the same name. It is not recommended to override a scoped (typically an IP) clock constraint and could result in unexpected behaviors.
New: create_clock -period 10.000 -name clk -waveform {0.000 5.000} -add [get_ports clk] (Source: C:/Users/ZeroX/Documents/CECS 361 PONG PROJECT/VerilogPong/sources/NexysA7-100t.xdc (Line: 8))
Previous: create_clock -period 10.000 [get_ports clk] (Source: c:/Users/ZeroX/Documents/CECS 361 PONG PROJECT/VerilogPong/vga_game.srcs/sources_1/ip/clk_wiz_1/clk_wiz_1/clk_wiz_1.xdc (Line: 56))
Related violations: <none>


