Unable to capture context for thread 16984 in process 11064, can not generate back trace
Unable to capture context for thread 17448 in process 11064, can not generate back trace
Unable to capture context for thread 14636 in process 11064, can not generate back trace
Unable to capture context for thread 1852 in process 11064, can not generate back trace
Unable to capture context for thread 11880 in process 11064, can not generate back trace
Unable to capture context for thread 3144 in process 11064, can not generate back trace
Exception at PC 0x00007FFBB012BB93
Printing stacktrace...

Unable to capture context for thread 17972 in process 11064, can not generate back trace
Unable to capture context for thread 16548 in process 11064, can not generate back trace
Exception at PC 0x00007FFC4BC1CD29
Exception at PC 0x00007FFC4BC1CD29
Exception at PC 0x00007FFC4BC1CD29
Exception at PC 0x00007FFC4BC1CD29
Exception at PC 0x00007FFC4BC1CD29
Exception at PC 0x00007FFC4BC1CD29
Exception at PC 0x00007FFC4BC1CD29
Exception at PC 0x00007FFC4BC1CD29
Exception at PC 0x00007FFC4BC1CD29
Exception at PC 0x00007FFC4BC1CD29
Exception at PC 0x00007FFC4BC1CD29
Exception at PC 0x00007FFC4BC1CD29
[0]  [0x00007FFBB012BB93]
[1]  [0x00007FFBB012BB93]
[2]  [0x00007FFBB012B4A1]
[3]  [0x00007FFBB012B459]
[4]  [0x00007FFBB01119FE]
[5]  [0x00007FFBB0110ED1]
[6]  [0x00007FFBB0110D76]
[7]  [0x00007FFBB00B79F6]
[8]  [0x00007FFBB00A7AFB]
[9]  [0x00007FFBB01CE90A]
[10]  [0x00007FFBB01E9F87]
[11]  [0x00007FFBB01EA05F]
[12] (BaseThreadInitThunk+0x14) [0x00007FFC4C157034]
[13] (RtlUserThreadStart+0x21) [0x00007FFC4DF626A1]
Done
Exception at PC 0x00007FFC4BC1CD29
Exception at PC 0x00007FFC4BC1CD29
Exception at PC 0x00007FFC4BC1CD29
Exception at PC 0x00007FFC4BC1CD29
Exception at PC 0x00007FFC4BC1CD29
Exception at PC 0x00007FFC4BC1CD29
